2022.07.02 23:04:05.536 INFO  Model.MyModel - Maze number: 1 has been generated
2022.07.02 23:04:07.012 INFO  Model.MyModel - Maze solved! we used the best first search algorithm
2022.07.02 23:04:15.155 INFO  Model.MyModel - Maze number: 2 has been generated
2022.07.02 23:04:16.819 INFO  Model.MyModel - Maze solved! we used the best first search algorithm
2022.07.02 23:19:35.022 ERROR Model.MyModel - Failed attempt to solve maze that is not exist...
2022.07.02 23:19:36.946 ERROR Model.MyModel - Failed attempt to solve maze that is not exist...
2022.07.02 23:19:39.455 ERROR Model.MyModel - Failed attempt to solve maze that is not exist...
2022.07.02 23:22:41.146 INFO  Model.MyModel - Maze number: 1 has been generated
2022.07.02 23:23:11.992 INFO  Model.MyModel - Maze number: 2 has been generated
2022.07.02 23:37:49.401 INFO  Model.MyModel - The maze: maze1 has been loaded
2022.07.02 23:38:03.937 INFO  Model.MyModel - Maze solved! we used the best first search algorithm
2022.07.03 19:08:59.577 INFO  Model.MyModel - Maze number: 1 has been generated
2022.07.07 15:32:26.187 INFO  Model.MyModel - Maze number: 1 has been generated
2022.07.07 15:32:46.434 INFO  Model.MyModel - Maze solved! we used the best first search algorithm
2022.07.10 12:06:45.260 INFO  Model.MyModel - Maze number: 1 has been generated
2022.07.10 12:07:01.958 INFO  Model.MyModel - Maze solved! we used the best first search algorithm
2022.07.11 12:59:04.205 INFO  Model.MyModel - Maze number: 1 has been generated
2022.07.11 12:59:27.808 INFO  Model.MyModel - Maze solved! we used the best first search algorithm
2022.07.11 13:00:08.658 INFO  Model.MyModel - Maze number: 2 has been generated
2022.07.11 13:00:14.175 INFO  Model.MyModel - Maze solved! we used the best first search algorithm
2022.07.11 13:00:47.547 INFO  Model.MyModel - Maze number: 3 has been generated
2022.07.11 13:00:56.585 INFO  Model.MyModel - The maze: Test has been loaded
2022.07.11 13:02:34.938 ERROR Model.MyModel - Failed attempt to solve maze that is not exist...
2022.07.17 18:18:39.996 INFO  Model.MyModel - Maze number: 1 has been generated
2022.07.17 18:20:06.409 INFO  Model.MyModel - Maze number: 1 has been generated
2022.07.17 18:20:50.977 INFO  Model.MyModel - Maze solved! we used the best first search algorithm
